<?xml version="1.0" encoding="UTF-8"?>
<!-- Generated by org.testng.reporters.JUnitReportReporter -->
<testsuite hostname="LAPTOP-UU771BCN" failures="0" tests="1" name="login.LoginTwitter" time="20.562" errors="0" timestamp="2023-01-06T10:14:07 CST" skipped="0">
  <testcase classname="login.LoginTwitter" name="testNGAsserts" time="20.562"/>
  <system-out/>
</testsuite> <!-- login.LoginTwitter -->
