<?xml version="1.0" encoding="UTF-8"?>
<!-- Generated by org.testng.reporters.JUnitReportReporter -->
<testsuite hostname="LAPTOP-UU771BCN" failures="0" tests="1" name="login.SimpleLogin" time="9.345" errors="0" timestamp="2023-01-06T09:37:02 CST" skipped="0">
  <testcase classname="login.SimpleLogin" name="testNGAsserts" time="9.345"/>
  <system-out/>
</testsuite> <!-- login.SimpleLogin -->
